# JRE version: OpenJDK Runtime Environment (8.0_152-b06) (build 1.8.0_152-release-1136-b06)
# Java VM: OpenJDK 64-Bit Server VM (25.152-b06 mixed mode windows-amd64 compressed oops)
Heap:
 PSYoungGen      total 453632K, used 291781K [0x00000000e0000000, 0x00000000ffc80000, 0x0000000100000000)
  eden space 389120K, 71% used [0x00000000e0000000,0x00000000f10e11d0,0x00000000f7c00000)
  from space 64512K, 19% used [0x00000000f7c00000,0x00000000f8810408,0x00000000fbb00000)
  to   space 60928K, 0% used [0x00000000fc100000,0x00000000fc100000,0x00000000ffc80000)
 ParOldGen       total 271360K, used 128105K [0x00000000a0000000, 0x00000000b0900000, 0x00000000e0000000)
  object space 271360K, 47% used [0x00000000a0000000,0x00000000a7d1a6d0,0x00000000b0900000)
 Metaspace       used 85819K, capacity 89196K, committed 89344K, reserved 1126400K
  class space    used 10777K, capacity 11452K, committed 11520K, reserved 1048576K
GC Heap History (10 events):
Event: 76.921 GC heap before
{Heap before GC invocations=29 (full 3):
 PSYoungGen      total 500224K, used 499551K [0x00000000e0000000, 0x0000000100000000, 0x0000000100000000)
  eden space 477184K, 99% used [0x00000000e0000000,0x00000000fd158b00,0x00000000fd200000)
  from space 23040K, 99% used [0x00000000fd200000,0x00000000fe87f458,0x00000000fe880000)
  to   space 24064K, 0% used [0x00000000fe880000,0x00000000fe880000,0x0000000100000000)
 ParOldGen       total 138752K, used 103987K [0x00000000a0000000, 0x00000000a8780000, 0x00000000e0000000)
  object space 138752K, 74% used [0x00000000a0000000,0x00000000a658cd38,0x00000000a8780000)
 Metaspace       used 80238K, capacity 83380K, committed 83456K, reserved 1122304K
  class space    used 10318K, capacity 10946K, committed 11008K, reserved 1048576K
Event: 76.975 GC heap after
Heap after GC invocations=29 (full 3):
 PSYoungGen      total 412160K, used 24059K [0x00000000e0000000, 0x0000000100000000, 0x0000000100000000)
  eden space 388096K, 0% used [0x00000000e0000000,0x00000000e0000000,0x00000000f7b00000)
  from space 24064K, 99% used [0x00000000fe880000,0x00000000ffffefe8,0x0000000100000000)
  to   space 68096K, 0% used [0x00000000f7b00000,0x00000000f7b00000,0x00000000fbd80000)
 ParOldGen       total 176640K, used 176292K [0x00000000a0000000, 0x00000000aac80000, 0x00000000e0000000)
  object space 176640K, 99% used [0x00000000a0000000,0x00000000aac29058,0x00000000aac80000)
 Metaspace       used 80238K, capacity 83380K, committed 83456K, reserved 1122304K
  class space    used 10318K, capacity 10946K, committed 11008K, reserved 1048576K
}
Event: 76.975 GC heap before
{Heap before GC invocations=30 (full 4):
 PSYoungGen      total 412160K, used 24059K [0x00000000e0000000, 0x0000000100000000, 0x0000000100000000)
  eden space 388096K, 0% used [0x00000000e0000000,0x00000000e0000000,0x00000000f7b00000)
  from space 24064K, 99% used [0x00000000fe880000,0x00000000ffffefe8,0x0000000100000000)
  to   space 68096K, 0% used [0x00000000f7b00000,0x00000000f7b00000,0x00000000fbd80000)
 ParOldGen       total 176640K, used 176292K [0x00000000a0000000, 0x00000000aac80000, 0x00000000e0000000)
  object space 176640K, 99% used [0x00000000a0000000,0x00000000aac29058,0x00000000aac80000)
 Metaspace       used 80238K, capacity 83380K, committed 83456K, reserved 1122304K
  class space    used 10318K, capacity 10946K, committed 11008K, reserved 1048576K
Event: 77.136 GC heap after
Heap after GC invocations=30 (full 4):
 PSYoungGen      total 412160K, used 0K [0x00000000e0000000, 0x0000000100000000, 0x0000000100000000)
  eden space 388096K, 0% used [0x00000000e0000000,0x00000000e0000000,0x00000000f7b00000)
  from space 24064K, 0% used [0x00000000fe880000,0x00000000fe880000,0x0000000100000000)
  to   space 68096K, 0% used [0x00000000f7b00000,0x00000000f7b00000,0x00000000fbd80000)
 ParOldGen       total 271360K, used 127057K [0x00000000a0000000, 0x00000000b0900000, 0x00000000e0000000)
  object space 271360K, 46% used [0x00000000a0000000,0x00000000a7c14410,0x00000000b0900000)
 Metaspace       used 80157K, capacity 83162K, committed 83456K, reserved 1122304K
  class space    used 10290K, capacity 10897K, committed 11008K, reserved 1048576K
}
Event: 77.191 GC heap before
{Heap before GC invocations=31 (full 4):
 PSYoungGen      total 412160K, used 387253K [0x00000000e0000000, 0x0000000100000000, 0x0000000100000000)
  eden space 388096K, 99% used [0x00000000e0000000,0x00000000f7a2d4f0,0x00000000f7b00000)
  from space 24064K, 0% used [0x00000000fe880000,0x00000000fe880000,0x0000000100000000)
  to   space 68096K, 0% used [0x00000000f7b00000,0x00000000f7b00000,0x00000000fbd80000)
 ParOldGen       total 271360K, used 127057K [0x00000000a0000000, 0x00000000b0900000, 0x00000000e0000000)
  object space 271360K, 46% used [0x00000000a0000000,0x00000000a7c14410,0x00000000b0900000)
 Metaspace       used 80157K, capacity 83162K, committed 83456K, reserved 1122304K
  class space    used 10290K, capacity 10897K, committed 11008K, reserved 1048576K
Event: 77.194 GC heap after
Heap after GC invocations=31 (full 4):
 PSYoungGen      total 456192K, used 128K [0x00000000e0000000, 0x0000000100000000, 0x0000000100000000)
  eden space 388096K, 0% used [0x00000000e0000000,0x00000000e0000000,0x00000000f7b00000)
  from space 68096K, 0% used [0x00000000f7b00000,0x00000000f7b20000,0x00000000fbd80000)
  to   space 67072K, 0% used [0x00000000fbe80000,0x00000000fbe80000,0x0000000100000000)
 ParOldGen       total 271360K, used 127057K [0x00000000a0000000, 0x00000000b0900000, 0x00000000e0000000)
  object space 271360K, 46% used [0x00000000a0000000,0x00000000a7c14410,0x00000000b0900000)
 Metaspace       used 80157K, capacity 83162K, committed 83456K, reserved 1122304K
  class space    used 10290K, capacity 10897K, committed 11008K, reserved 1048576K
}
Event: 857.973 GC heap before
{Heap before GC invocations=32 (full 4):
 PSYoungGen      total 456192K, used 388224K [0x00000000e0000000, 0x0000000100000000, 0x0000000100000000)
  eden space 388096K, 100% used [0x00000000e0000000,0x00000000f7b00000,0x00000000f7b00000)
  from space 68096K, 0% used [0x00000000f7b00000,0x00000000f7b20000,0x00000000fbd80000)
  to   space 67072K, 0% used [0x00000000fbe80000,0x00000000fbe80000,0x0000000100000000)
 ParOldGen       total 271360K, used 127057K [0x00000000a0000000, 0x00000000b0900000, 0x00000000e0000000)
  object space 271360K, 46% used [0x00000000a0000000,0x00000000a7c14410,0x00000000b0900000)
 Metaspace       used 83865K, capacity 87048K, committed 87168K, reserved 1124352K
  class space    used 10639K, capacity 11316K, committed 11392K, reserved 1048576K
Event: 857.983 GC heap after
Heap after GC invocations=32 (full 4):
 PSYoungGen      total 450048K, used 7006K [0x00000000e0000000, 0x00000000ffa00000, 0x0000000100000000)
  eden space 389120K, 0% used [0x00000000e0000000,0x00000000e0000000,0x00000000f7c00000)
  from space 60928K, 11% used [0x00000000fbe80000,0x00000000fc5579c0,0x00000000ffa00000)
  to   space 64512K, 0% used [0x00000000f7c00000,0x00000000f7c00000,0x00000000fbb00000)
 ParOldGen       total 271360K, used 127105K [0x00000000a0000000, 0x00000000b0900000, 0x00000000e0000000)
  object space 271360K, 46% used [0x00000000a0000000,0x00000000a7c20410,0x00000000b0900000)
 Metaspace       used 83865K, capacity 87048K, committed 87168K, reserved 1124352K
  class space    used 10639K, capacity 11316K, committed 11392K, reserved 1048576K
}
Event: 1931.593 GC heap before
{Heap before GC invocations=33 (full 4):
 PSYoungGen      total 450048K, used 396126K [0x00000000e0000000, 0x00000000ffa00000, 0x0000000100000000)
  eden space 389120K, 100% used [0x00000000e0000000,0x00000000f7c00000,0x00000000f7c00000)
  from space 60928K, 11% used [0x00000000fbe80000,0x00000000fc5579c0,0x00000000ffa00000)
  to   space 64512K, 0% used [0x00000000f7c00000,0x00000000f7c00000,0x00000000fbb00000)
 ParOldGen       total 271360K, used 127105K [0x00000000a0000000, 0x00000000b0900000, 0x00000000e0000000)
  object space 271360K, 46% used [0x00000000a0000000,0x00000000a7c20410,0x00000000b0900000)
 Metaspace       used 85154K, capacity 88428K, committed 88576K, reserved 1126400K
  class space    used 10737K, capacity 11400K, committed 11520K, reserved 1048576K
Event: 1931.608 GC heap after
Heap after GC invocations=33 (full 4):
 PSYoungGen      total 453632K, used 12353K [0x00000000e0000000, 0x00000000ffc80000, 0x0000000100000000)
  eden space 389120K, 0% used [0x00000000e0000000,0x00000000e0000000,0x00000000f7c00000)
  from space 64512K, 19% used [0x00000000f7c00000,0x00000000f8810408,0x00000000fbb00000)
  to   space 60928K, 0% used [0x00000000fc100000,0x00000000fc100000,0x00000000ffc80000)
 ParOldGen       total 271360K, used 128105K [0x00000000a0000000, 0x00000000b0900000, 0x00000000e0000000)
  object space 271360K, 47% used [0x00000000a0000000,0x00000000a7d1a6d0,0x00000000b0900000)
 Metaspace       used 85154K, capacity 88428K, committed 88576K, reserved 1126400K
  class space    used 10737K, capacity 11400K, committed 11520K, reserved 1048576K
}

